[2025-05-05 11:51:21] === NEW REQUEST STARTED ===
[2025-05-05 11:51:21] Raw input: account%5Bsubdomain%5D=9307representative&account%5Bid%5D=32401606&account%5B_links%5D%5Bself%5D=https%3A%2F%2F9307representative.amocrm.ru&contacts%5Badd%5D%5B0%5D%5Bid%5D=54278807&contacts%5Badd%5D%5B0%5D%5Bname%5D=2+2&contacts%5Badd%5D%5B0%5D%5Bresponsible_user_id%5D=12462402&contacts%5Badd%5D%5B0%5D%5Bdate_create%5D=1746445501&contacts%5Badd%5D%5B0%5D%5Blast_modified%5D=1746445501&contacts%5Badd%5D%5B0%5D%5Bcreated_user_id%5D=12462402&contacts%5Badd%5D%5B0%5D%5Bmodified_user_id%5D=12462402&contacts%5Badd%5D%5B0%5D%5Baccount_id%5D=32401606&contacts%5Badd%5D%5B0%5D%5Bcreated_at%5D=1746445501&contacts%5Badd%5D%5B0%5D%5Bupdated_at%5D=1746445501&contacts%5Badd%5D%5B0%5D%5Btype%5D=contact
[2025-05-05 11:51:21] Data parsed as form-urlencoded
[2025-05-05 11:51:21] Parsed data: {
    "account": {
        "subdomain": "9307representative",
        "id": "32401606",
        "_links": {
            "self": "https:\/\/9307representative.amocrm.ru"
        }
    },
    "contacts": {
        "add": [
            {
                "id": "54278807",
                "name": "2 2",
                "responsible_user_id": "12462402",
                "date_create": "1746445501",
                "last_modified": "1746445501",
                "created_user_id": "12462402",
                "modified_user_id": "12462402",
                "account_id": "32401606",
                "created_at": "1746445501",
                "updated_at": "1746445501",
                "type": "contact"
            }
        ]
    }
}
